<?xml version="1.0" encoding="UTF-8"?>
<!-- Generated by org.testng.reporters.JUnitXMLReporter -->
<testsuite ignored="2" hostname="IBM-DFJ3SB4" failures="1" tests="5" name="Car Loan" time="0.034" errors="0" timestamp="2026-06-27T16:15:44 IST">
  <testcase classname="TestNGFramework.day3" name="LoginAPIHomeLoan" time="0.002"/>
  <testcase classname="TestNGFramework.day3" name="LoginAPIHomeLoan" time="0.002"/>
  <testcase classname="TestNGFramework.day3" name="LoginAPIHomeLoan" time="0.001"/>
  <testcase classname="TestNGFramework.day3" name="MobileSigninHomeLoan" time="0.006"/>
  <testcase classname="TestNGFramework.day3" name="WebLoginHomeLoan" time="0.0">
    <failure type="org.testng.TestNGException" message="
Parameter &amp;apos;URL&amp;apos; is required by @Test on method WebLoginHomeLoan but has not been marked @Optional or defined
in C:\Users\SupravaPanigrahi\OneDrive - IBM\Documents\Suprava\Selenium\testng.xml">
      <![CDATA[org.testng.TestNGException: 
Parameter 'URL' is required by @Test on method WebLoginHomeLoan but has not been marked @Optional or defined
in C:\Users\SupravaPanigrahi\OneDrive - IBM\Documents\Suprava\Selenium\testng.xml
at java.base/java.util.ArrayList.forEach(ArrayList.java:1596)
... Removed 26 stack frames]]>
    </failure>
  </testcase> <!-- WebLoginHomeLoan -->
  <testcase classname="TestNGFramework.day3" name="MobileLogoutHomeLoan" time="0.0">
    <ignored/>
  </testcase> <!-- MobileLogoutHomeLoan -->
  <testcase classname="TestNGFramework.day3" name="MobileLoginHomeLoan" time="0.0">
    <ignored/>
  </testcase> <!-- MobileLoginHomeLoan -->
</testsuite> <!-- Car Loan -->
