<?xml version="1.0" encoding="UTF-8"?>
<!-- Generated by org.testng.reporters.JUnitXMLReporter -->
<testsuite ignored="1" hostname="IBM-DFJ3SB4" failures="0" tests="5" name="Personal Loan" time="0.093" errors="0" timestamp="2026-06-27T16:15:44 IST">
  <testcase classname="TestNGFramework.day0" name="SecondTest" time="0.008"/>
  <testcase classname="TestNGFramework.day1" name="ploan" time="0.001"/>
  <testcase classname="TestNGFramework.day2" name="MobileLoginCarLoan" time="0.002"/>
  <testcase classname="TestNGFramework.day2" name="WebLoginCarLoan" time="0.001"/>
  <testcase classname="TestNGFramework.day2" name="LoginAPICarLoan" time="0.001"/>
  <testcase classname="TestNGFramework.day0" name="FirstTest" time="0.0">
    <ignored/>
  </testcase> <!-- FirstTest -->
</testsuite> <!-- Personal Loan -->
