<?xml version="1.0" encoding="UTF-8"?>
<!-- Generated by org.testng.reporters.JUnitXMLReporter -->
<testsuite ignored="8" hostname="IBM-DFJ3SB4" failures="0" tests="3" name="Regression" time="0.062" errors="0" timestamp="2026-06-27T13:45:31 IST">
  <testcase classname="TestNGFramework.day1" name="ploan" time="0.01"/>
  <testcase classname="TestNGFramework.day2" name="MobileLoginCarLoan" time="0.001"/>
  <testcase classname="TestNGFramework.day3" name="MobileLoginHomeLoan" time="0.003"/>
  <testcase classname="TestNGFramework.day3" name="LoginAPIHomeLoan" time="0.0">
    <ignored/>
  </testcase> <!-- LoginAPIHomeLoan -->
  <testcase classname="TestNGFramework.day0" name="SecondTest" time="0.0">
    <ignored/>
  </testcase> <!-- SecondTest -->
  <testcase classname="TestNGFramework.day0" name="FirstTest" time="0.0">
    <ignored/>
  </testcase> <!-- FirstTest -->
  <testcase classname="TestNGFramework.day2" name="LoginAPICarLoan" time="0.0">
    <ignored/>
  </testcase> <!-- LoginAPICarLoan -->
  <testcase classname="TestNGFramework.day3" name="MobileSigninHomeLoan" time="0.0">
    <ignored/>
  </testcase> <!-- MobileSigninHomeLoan -->
  <testcase classname="TestNGFramework.day3" name="MobileLogoutHomeLoan" time="0.0">
    <ignored/>
  </testcase> <!-- MobileLogoutHomeLoan -->
  <testcase classname="TestNGFramework.day2" name="WebLoginCarLoan" time="0.0">
    <ignored/>
  </testcase> <!-- WebLoginCarLoan -->
  <testcase classname="TestNGFramework.day3" name="WebLoginHomeLoan" time="0.0">
    <ignored/>
  </testcase> <!-- WebLoginHomeLoan -->
</testsuite> <!-- Regression -->
