<?xml version="1.0" encoding="UTF-8"?>
<testng-results ignored="0" total="2" passed="2" failed="0" skipped="0">
  <reporter-output>
  </reporter-output>
  <suite started-at="2026-06-28T10:29:37 IST" name="Default suite" finished-at="2026-06-28T10:29:37 IST" duration-ms="83">
    <groups>
    </groups>
    <test started-at="2026-06-28T10:29:37 IST" name="Default test" finished-at="2026-06-28T10:29:37 IST" duration-ms="83">
      <class name="TestNGFramework.PS">
        <test-method is-config="true" signature="beforeRun()[pri:0, instance:TestNGFramework.PS@14cd1699]" started-at="2026-06-28T10:29:37 IST" name="beforeRun" finished-at="2026-06-28T10:29:37 IST" duration-ms="10" status="PASS">
          <reporter-output>
          </reporter-output>
        </test-method> <!-- beforeRun -->
        <test-method signature="testRun()[pri:0, instance:TestNGFramework.PS@14cd1699]" started-at="2026-06-28T10:29:37 IST" name="testRun" finished-at="2026-06-28T10:29:37 IST" duration-ms="16" status="PASS">
          <reporter-output>
          </reporter-output>
        </test-method> <!-- testRun -->
        <test-method is-config="true" signature="afterRun()[pri:0, instance:TestNGFramework.PS@14cd1699]" started-at="2026-06-28T10:29:37 IST" name="afterRun" finished-at="2026-06-28T10:29:37 IST" duration-ms="2" status="PASS">
          <reporter-output>
          </reporter-output>
        </test-method> <!-- afterRun -->
        <test-method signature="doThis()[pri:0, instance:TestNGFramework.PS@14cd1699]" started-at="2026-06-28T10:29:37 IST" name="doThis" finished-at="2026-06-28T10:29:37 IST" duration-ms="0" status="PASS">
          <reporter-output>
          </reporter-output>
        </test-method> <!-- doThis -->
        <test-method is-config="true" signature="beforeRun()[pri:0, instance:TestNGFramework.PS@14cd1699]" started-at="2026-06-28T10:29:37 IST" name="beforeRun" finished-at="2026-06-28T10:29:37 IST" duration-ms="0" status="PASS">
          <reporter-output>
          </reporter-output>
        </test-method> <!-- beforeRun -->
        <test-method is-config="true" signature="afterRun()[pri:0, instance:TestNGFramework.PS@14cd1699]" started-at="2026-06-28T10:29:37 IST" name="afterRun" finished-at="2026-06-28T10:29:37 IST" duration-ms="0" status="PASS">
          <reporter-output>
          </reporter-output>
        </test-method> <!-- afterRun -->
      </class> <!-- TestNGFramework.PS -->
    </test> <!-- Default test -->
  </suite> <!-- Default suite -->
</testng-results>
