<?xml version="1.0" encoding="UTF-8"?>
<!-- Generated by org.testng.reporters.JUnitReportReporter -->
<testsuite hostname="IBM-DFJ3SB4" failures="0" tests="3" name="TestNGFramework.day2" time="0.008" errors="0" timestamp="2026-06-27T16:15:44 IST" skipped="0">
  <testcase classname="TestNGFramework.day2" name="MobileLoginCarLoan" time="0.003"/>
  <testcase classname="TestNGFramework.day2" name="WebLoginCarLoan" time="0.002"/>
  <testcase classname="TestNGFramework.day2" name="LoginAPICarLoan" time="0.003"/>
</testsuite> <!-- TestNGFramework.day2 -->
